[07-Mar-2025 11:09:24 UTC] $product_id15
[07-Mar-2025 11:12:50 UTC] $product_id15
[07-Mar-2025 11:16:48 UTC] $product_id15
[07-Mar-2025 11:16:53 UTC] $product_id15
[07-Mar-2025 11:26:16 UTC] $product_id15
[07-Mar-2025 11:26:16 UTC] $\cart_count3
[07-Mar-2025 13:14:24 UTC] $\cart_count4
[08-Mar-2025 12:02:25 UTC] PHP Warning:  Undefined variable $banner_image in C:\laragon\www\Exclusive\wp-content\themes\exclusive\template-parts\banner.php on line 2
[08-Mar-2025 12:02:25 UTC] PHP Deprecated:  ltrim(): Passing null to parameter #1 ($string) of type string is deprecated in C:\laragon\www\Exclusive\wp-includes\formatting.php on line 4467
[08-Mar-2025 12:02:25 UTC] PHP Warning:  Undefined variable $banner_title in C:\laragon\www\Exclusive\wp-content\themes\exclusive\template-parts\banner.php on line 4
[08-Mar-2025 12:02:25 UTC] PHP Warning:  Undefined variable $banner_description in C:\laragon\www\Exclusive\wp-content\themes\exclusive\template-parts\banner.php on line 5
[08-Mar-2025 12:02:25 UTC] PHP Warning:  Undefined variable $banner_button_link in C:\laragon\www\Exclusive\wp-content\themes\exclusive\template-parts\banner.php on line 7
[08-Mar-2025 12:02:25 UTC] PHP Deprecated:  ltrim(): Passing null to parameter #1 ($string) of type string is deprecated in C:\laragon\www\Exclusive\wp-includes\formatting.php on line 4467
[08-Mar-2025 12:02:25 UTC] PHP Warning:  Undefined variable $banner_button_text in C:\laragon\www\Exclusive\wp-content\themes\exclusive\template-parts\banner.php on line 8
[08-Mar-2025 12:02:40 UTC] PHP Warning:  Undefined variable $banner_image in C:\laragon\www\Exclusive\wp-content\themes\exclusive\template-parts\banner.php on line 2
[08-Mar-2025 12:02:40 UTC] PHP Deprecated:  ltrim(): Passing null to parameter #1 ($string) of type string is deprecated in C:\laragon\www\Exclusive\wp-includes\formatting.php on line 4467
[08-Mar-2025 12:02:40 UTC] PHP Warning:  Undefined variable $banner_title in C:\laragon\www\Exclusive\wp-content\themes\exclusive\template-parts\banner.php on line 4
[08-Mar-2025 12:02:40 UTC] PHP Warning:  Undefined variable $banner_description in C:\laragon\www\Exclusive\wp-content\themes\exclusive\template-parts\banner.php on line 5
[08-Mar-2025 12:02:40 UTC] PHP Warning:  Undefined variable $banner_button_link in C:\laragon\www\Exclusive\wp-content\themes\exclusive\template-parts\banner.php on line 7
[08-Mar-2025 12:02:40 UTC] PHP Deprecated:  ltrim(): Passing null to parameter #1 ($string) of type string is deprecated in C:\laragon\www\Exclusive\wp-includes\formatting.php on line 4467
[08-Mar-2025 12:02:40 UTC] PHP Warning:  Undefined variable $banner_button_text in C:\laragon\www\Exclusive\wp-content\themes\exclusive\template-parts\banner.php on line 8
[08-Mar-2025 12:05:23 UTC] PHP Warning:  Undefined variable $banner_image in C:\laragon\www\Exclusive\wp-content\themes\exclusive\template-parts\banner.php on line 2
[08-Mar-2025 12:05:23 UTC] PHP Deprecated:  ltrim(): Passing null to parameter #1 ($string) of type string is deprecated in C:\laragon\www\Exclusive\wp-includes\formatting.php on line 4467
[08-Mar-2025 12:05:23 UTC] PHP Warning:  Undefined variable $banner_title in C:\laragon\www\Exclusive\wp-content\themes\exclusive\template-parts\banner.php on line 4
[08-Mar-2025 12:05:23 UTC] PHP Warning:  Undefined variable $banner_description in C:\laragon\www\Exclusive\wp-content\themes\exclusive\template-parts\banner.php on line 5
[08-Mar-2025 12:05:23 UTC] PHP Warning:  Undefined variable $banner_button_link in C:\laragon\www\Exclusive\wp-content\themes\exclusive\template-parts\banner.php on line 7
[08-Mar-2025 12:05:23 UTC] PHP Deprecated:  ltrim(): Passing null to parameter #1 ($string) of type string is deprecated in C:\laragon\www\Exclusive\wp-includes\formatting.php on line 4467
[08-Mar-2025 12:05:23 UTC] PHP Warning:  Undefined variable $banner_button_text in C:\laragon\www\Exclusive\wp-content\themes\exclusive\template-parts\banner.php on line 8
[08-Mar-2025 12:09:55 UTC] PHP Warning:  Undefined variable $banner_image in C:\laragon\www\Exclusive\wp-content\themes\exclusive\template-parts\banner.php on line 2
[08-Mar-2025 12:09:55 UTC] PHP Deprecated:  ltrim(): Passing null to parameter #1 ($string) of type string is deprecated in C:\laragon\www\Exclusive\wp-includes\formatting.php on line 4467
[08-Mar-2025 12:09:55 UTC] PHP Warning:  Undefined variable $banner_title in C:\laragon\www\Exclusive\wp-content\themes\exclusive\template-parts\banner.php on line 4
[08-Mar-2025 12:09:55 UTC] PHP Warning:  Undefined variable $banner_description in C:\laragon\www\Exclusive\wp-content\themes\exclusive\template-parts\banner.php on line 5
[08-Mar-2025 12:09:55 UTC] PHP Warning:  Undefined variable $banner_button_link in C:\laragon\www\Exclusive\wp-content\themes\exclusive\template-parts\banner.php on line 7
[08-Mar-2025 12:09:55 UTC] PHP Deprecated:  ltrim(): Passing null to parameter #1 ($string) of type string is deprecated in C:\laragon\www\Exclusive\wp-includes\formatting.php on line 4467
[08-Mar-2025 12:09:55 UTC] PHP Warning:  Undefined variable $banner_button_text in C:\laragon\www\Exclusive\wp-content\themes\exclusive\template-parts\banner.php on line 8
[08-Mar-2025 12:09:59 UTC] PHP Warning:  Undefined variable $banner_image in C:\laragon\www\Exclusive\wp-content\themes\exclusive\template-parts\banner.php on line 2
[08-Mar-2025 12:09:59 UTC] PHP Deprecated:  ltrim(): Passing null to parameter #1 ($string) of type string is deprecated in C:\laragon\www\Exclusive\wp-includes\formatting.php on line 4467
[08-Mar-2025 12:09:59 UTC] PHP Warning:  Undefined variable $banner_title in C:\laragon\www\Exclusive\wp-content\themes\exclusive\template-parts\banner.php on line 4
[08-Mar-2025 12:09:59 UTC] PHP Warning:  Undefined variable $banner_description in C:\laragon\www\Exclusive\wp-content\themes\exclusive\template-parts\banner.php on line 5
[08-Mar-2025 12:09:59 UTC] PHP Warning:  Undefined variable $banner_button_link in C:\laragon\www\Exclusive\wp-content\themes\exclusive\template-parts\banner.php on line 7
[08-Mar-2025 12:09:59 UTC] PHP Deprecated:  ltrim(): Passing null to parameter #1 ($string) of type string is deprecated in C:\laragon\www\Exclusive\wp-includes\formatting.php on line 4467
[08-Mar-2025 12:09:59 UTC] PHP Warning:  Undefined variable $banner_button_text in C:\laragon\www\Exclusive\wp-content\themes\exclusive\template-parts\banner.php on line 8
[08-Mar-2025 12:10:47 UTC] PHP Warning:  Undefined variable $banner_image in C:\laragon\www\Exclusive\wp-content\themes\exclusive\template-parts\banner.php on line 2
[08-Mar-2025 12:10:47 UTC] PHP Deprecated:  ltrim(): Passing null to parameter #1 ($string) of type string is deprecated in C:\laragon\www\Exclusive\wp-includes\formatting.php on line 4467
[08-Mar-2025 12:10:47 UTC] PHP Warning:  Undefined variable $banner_title in C:\laragon\www\Exclusive\wp-content\themes\exclusive\template-parts\banner.php on line 4
[08-Mar-2025 12:10:47 UTC] PHP Warning:  Undefined variable $banner_description in C:\laragon\www\Exclusive\wp-content\themes\exclusive\template-parts\banner.php on line 5
[08-Mar-2025 12:10:47 UTC] PHP Warning:  Undefined variable $banner_button_link in C:\laragon\www\Exclusive\wp-content\themes\exclusive\template-parts\banner.php on line 7
[08-Mar-2025 12:10:47 UTC] PHP Deprecated:  ltrim(): Passing null to parameter #1 ($string) of type string is deprecated in C:\laragon\www\Exclusive\wp-includes\formatting.php on line 4467
[08-Mar-2025 12:10:47 UTC] PHP Warning:  Undefined variable $banner_button_text in C:\laragon\www\Exclusive\wp-content\themes\exclusive\template-parts\banner.php on line 8
[08-Mar-2025 14:30:18 UTC] PHP Warning:  wp_version_check(): Đã xảy ra lỗi không mong muốn. Có thể có sự cố với WordPress.org hoặc cấu hình của máy chủ. Nếu bạn tiếp tục gặp sự cố, vui lòng thử hỏi trong <a href="https://wordpress.org/support/forums/">diễn đàn hỗ trợ</a>. (WordPress không thể thiết lập kết nối an toàn tới WordPress.org. Vui lòng liên hệ quản trị máy chủ của bạn.) in C:\laragon\www\Exclusive\wp-includes\functions.php on line 6114
[08-Mar-2025 14:30:18 UTC] PHP Warning:  wp_update_plugins(): Đã xảy ra lỗi không mong muốn. Có thể có sự cố với WordPress.org hoặc cấu hình của máy chủ. Nếu bạn tiếp tục gặp sự cố, vui lòng thử hỏi trong <a href="https://wordpress.org/support/forums/">diễn đàn hỗ trợ</a>. (WordPress không thể thiết lập kết nối an toàn tới WordPress.org. Vui lòng liên hệ quản trị máy chủ của bạn.) in C:\laragon\www\Exclusive\wp-includes\functions.php on line 6114
[08-Mar-2025 14:30:18 UTC] PHP Warning:  wp_update_themes(): Đã xảy ra lỗi không mong muốn. Có thể có sự cố với WordPress.org hoặc cấu hình của máy chủ. Nếu bạn tiếp tục gặp sự cố, vui lòng thử hỏi trong <a href="https://wordpress.org/support/forums/">diễn đàn hỗ trợ</a>. (WordPress không thể thiết lập kết nối an toàn tới WordPress.org. Vui lòng liên hệ quản trị máy chủ của bạn.) in C:\laragon\www\Exclusive\wp-includes\functions.php on line 6114
[08-Mar-2025 14:30:33 UTC] PHP Warning:  Undefined variable $banner_image in C:\laragon\www\Exclusive\wp-content\themes\exclusive\template-parts\banner.php on line 2
[08-Mar-2025 14:30:33 UTC] PHP Deprecated:  ltrim(): Passing null to parameter #1 ($string) of type string is deprecated in C:\laragon\www\Exclusive\wp-includes\formatting.php on line 4467
[08-Mar-2025 14:30:33 UTC] PHP Warning:  Undefined variable $banner_title in C:\laragon\www\Exclusive\wp-content\themes\exclusive\template-parts\banner.php on line 4
[08-Mar-2025 14:30:33 UTC] PHP Warning:  Undefined variable $banner_description in C:\laragon\www\Exclusive\wp-content\themes\exclusive\template-parts\banner.php on line 5
[08-Mar-2025 14:30:33 UTC] PHP Warning:  Undefined variable $banner_button_link in C:\laragon\www\Exclusive\wp-content\themes\exclusive\template-parts\banner.php on line 7
[08-Mar-2025 14:30:33 UTC] PHP Deprecated:  ltrim(): Passing null to parameter #1 ($string) of type string is deprecated in C:\laragon\www\Exclusive\wp-includes\formatting.php on line 4467
[08-Mar-2025 14:30:33 UTC] PHP Warning:  Undefined variable $banner_button_text in C:\laragon\www\Exclusive\wp-content\themes\exclusive\template-parts\banner.php on line 8
[08-Mar-2025 14:31:12 UTC] PHP Warning:  Undefined variable $banner_image in C:\laragon\www\Exclusive\wp-content\themes\exclusive\template-parts\banner.php on line 2
[08-Mar-2025 14:31:12 UTC] PHP Deprecated:  ltrim(): Passing null to parameter #1 ($string) of type string is deprecated in C:\laragon\www\Exclusive\wp-includes\formatting.php on line 4467
[08-Mar-2025 14:31:12 UTC] PHP Warning:  Undefined variable $banner_title in C:\laragon\www\Exclusive\wp-content\themes\exclusive\template-parts\banner.php on line 4
[08-Mar-2025 14:31:12 UTC] PHP Warning:  Undefined variable $banner_description in C:\laragon\www\Exclusive\wp-content\themes\exclusive\template-parts\banner.php on line 5
[08-Mar-2025 14:31:12 UTC] PHP Warning:  Undefined variable $banner_button_link in C:\laragon\www\Exclusive\wp-content\themes\exclusive\template-parts\banner.php on line 7
[08-Mar-2025 14:31:12 UTC] PHP Deprecated:  ltrim(): Passing null to parameter #1 ($string) of type string is deprecated in C:\laragon\www\Exclusive\wp-includes\formatting.php on line 4467
[08-Mar-2025 14:31:12 UTC] PHP Warning:  Undefined variable $banner_button_text in C:\laragon\www\Exclusive\wp-content\themes\exclusive\template-parts\banner.php on line 8
[08-Mar-2025 14:31:29 UTC] PHP Fatal error:  Out of memory (allocated 58720256) (tried to allocate 69632 bytes) in C:\laragon\www\Exclusive\wp-content\languages\vi.l10n.php on line 362
[08-Mar-2025 14:36:06 UTC] PHP Deprecated:  ltrim(): Passing null to parameter #1 ($string) of type string is deprecated in C:\laragon\www\Exclusive\wp-includes\formatting.php on line 4467
[08-Mar-2025 14:36:06 UTC] PHP Warning:  Undefined variable $banner_title in C:\laragon\www\Exclusive\wp-content\themes\exclusive\template-parts\banner.php on line 7
[08-Mar-2025 14:36:06 UTC] PHP Warning:  Undefined variable $banner_description in C:\laragon\www\Exclusive\wp-content\themes\exclusive\template-parts\banner.php on line 8
[08-Mar-2025 14:36:06 UTC] PHP Warning:  Undefined variable $banner_button_link in C:\laragon\www\Exclusive\wp-content\themes\exclusive\template-parts\banner.php on line 10
[08-Mar-2025 14:36:06 UTC] PHP Deprecated:  ltrim(): Passing null to parameter #1 ($string) of type string is deprecated in C:\laragon\www\Exclusive\wp-includes\formatting.php on line 4467
[08-Mar-2025 14:36:06 UTC] PHP Warning:  Undefined variable $banner_button_text in C:\laragon\www\Exclusive\wp-content\themes\exclusive\template-parts\banner.php on line 11
[08-Mar-2025 14:37:09 UTC] PHP Warning:  Undefined variable $banner_title in C:\laragon\www\Exclusive\wp-content\themes\exclusive\template-parts\banner.php on line 7
[08-Mar-2025 14:37:09 UTC] PHP Warning:  Undefined variable $banner_description in C:\laragon\www\Exclusive\wp-content\themes\exclusive\template-parts\banner.php on line 8
[08-Mar-2025 14:37:09 UTC] PHP Warning:  Undefined variable $banner_button_link in C:\laragon\www\Exclusive\wp-content\themes\exclusive\template-parts\banner.php on line 10
[08-Mar-2025 14:37:09 UTC] PHP Deprecated:  ltrim(): Passing null to parameter #1 ($string) of type string is deprecated in C:\laragon\www\Exclusive\wp-includes\formatting.php on line 4467
[08-Mar-2025 14:37:09 UTC] PHP Warning:  Undefined variable $banner_button_text in C:\laragon\www\Exclusive\wp-content\themes\exclusive\template-parts\banner.php on line 11
[08-Mar-2025 14:37:22 UTC] PHP Warning:  Undefined variable $banner_title in C:\laragon\www\Exclusive\wp-content\themes\exclusive\template-parts\banner.php on line 7
[08-Mar-2025 14:37:22 UTC] PHP Warning:  Undefined variable $banner_description in C:\laragon\www\Exclusive\wp-content\themes\exclusive\template-parts\banner.php on line 8
[08-Mar-2025 14:37:22 UTC] PHP Warning:  Undefined variable $banner_button_link in C:\laragon\www\Exclusive\wp-content\themes\exclusive\template-parts\banner.php on line 10
[08-Mar-2025 14:37:22 UTC] PHP Deprecated:  ltrim(): Passing null to parameter #1 ($string) of type string is deprecated in C:\laragon\www\Exclusive\wp-includes\formatting.php on line 4467
[08-Mar-2025 14:37:22 UTC] PHP Warning:  Undefined variable $banner_button_text in C:\laragon\www\Exclusive\wp-content\themes\exclusive\template-parts\banner.php on line 11
[08-Mar-2025 14:37:43 UTC] PHP Warning:  Undefined variable $banner_title in C:\laragon\www\Exclusive\wp-content\themes\exclusive\template-parts\banner.php on line 8
[08-Mar-2025 14:37:43 UTC] PHP Warning:  Undefined variable $banner_description in C:\laragon\www\Exclusive\wp-content\themes\exclusive\template-parts\banner.php on line 9
[08-Mar-2025 14:37:43 UTC] PHP Warning:  Undefined variable $banner_button_link in C:\laragon\www\Exclusive\wp-content\themes\exclusive\template-parts\banner.php on line 11
[08-Mar-2025 14:37:43 UTC] PHP Deprecated:  ltrim(): Passing null to parameter #1 ($string) of type string is deprecated in C:\laragon\www\Exclusive\wp-includes\formatting.php on line 4467
[08-Mar-2025 14:37:43 UTC] PHP Warning:  Undefined variable $banner_button_text in C:\laragon\www\Exclusive\wp-content\themes\exclusive\template-parts\banner.php on line 12
[08-Mar-2025 14:39:33 UTC] PHP Warning:  Undefined variable $banner_title in C:\laragon\www\Exclusive\wp-content\themes\exclusive\template-parts\banner.php on line 8
[08-Mar-2025 14:39:33 UTC] PHP Warning:  Undefined variable $banner_description in C:\laragon\www\Exclusive\wp-content\themes\exclusive\template-parts\banner.php on line 9
[08-Mar-2025 14:39:33 UTC] PHP Warning:  Undefined variable $banner_button_link in C:\laragon\www\Exclusive\wp-content\themes\exclusive\template-parts\banner.php on line 11
[08-Mar-2025 14:39:33 UTC] PHP Deprecated:  ltrim(): Passing null to parameter #1 ($string) of type string is deprecated in C:\laragon\www\Exclusive\wp-includes\formatting.php on line 4467
[08-Mar-2025 14:39:33 UTC] PHP Warning:  Undefined variable $banner_button_text in C:\laragon\www\Exclusive\wp-content\themes\exclusive\template-parts\banner.php on line 12
[08-Mar-2025 14:41:43 UTC] PHP Warning:  Undefined variable $banner_title in C:\laragon\www\Exclusive\wp-content\themes\exclusive\template-parts\banner.php on line 8
[08-Mar-2025 14:41:43 UTC] PHP Warning:  Undefined variable $banner_description in C:\laragon\www\Exclusive\wp-content\themes\exclusive\template-parts\banner.php on line 9
[08-Mar-2025 14:41:43 UTC] PHP Warning:  Undefined variable $banner_button_link in C:\laragon\www\Exclusive\wp-content\themes\exclusive\template-parts\banner.php on line 11
[08-Mar-2025 14:41:43 UTC] PHP Deprecated:  ltrim(): Passing null to parameter #1 ($string) of type string is deprecated in C:\laragon\www\Exclusive\wp-includes\formatting.php on line 4467
[08-Mar-2025 14:41:43 UTC] PHP Warning:  Undefined variable $banner_button_text in C:\laragon\www\Exclusive\wp-content\themes\exclusive\template-parts\banner.php on line 12
[09-Mar-2025 14:03:21 UTC] PHP Warning:  wp_version_check(): Đã xảy ra lỗi không mong muốn. Có thể có sự cố với WordPress.org hoặc cấu hình của máy chủ. Nếu bạn tiếp tục gặp sự cố, vui lòng thử hỏi trong <a href="https://wordpress.org/support/forums/">diễn đàn hỗ trợ</a>. (WordPress không thể thiết lập kết nối an toàn tới WordPress.org. Vui lòng liên hệ quản trị máy chủ của bạn.) in C:\laragon\www\Exclusive\wp-includes\functions.php on line 6114
[09-Mar-2025 14:03:21 UTC] PHP Warning:  wp_update_plugins(): Đã xảy ra lỗi không mong muốn. Có thể có sự cố với WordPress.org hoặc cấu hình của máy chủ. Nếu bạn tiếp tục gặp sự cố, vui lòng thử hỏi trong <a href="https://wordpress.org/support/forums/">diễn đàn hỗ trợ</a>. (WordPress không thể thiết lập kết nối an toàn tới WordPress.org. Vui lòng liên hệ quản trị máy chủ của bạn.) in C:\laragon\www\Exclusive\wp-includes\functions.php on line 6114
[09-Mar-2025 14:03:21 UTC] PHP Warning:  wp_update_themes(): Đã xảy ra lỗi không mong muốn. Có thể có sự cố với WordPress.org hoặc cấu hình của máy chủ. Nếu bạn tiếp tục gặp sự cố, vui lòng thử hỏi trong <a href="https://wordpress.org/support/forums/">diễn đàn hỗ trợ</a>. (WordPress không thể thiết lập kết nối an toàn tới WordPress.org. Vui lòng liên hệ quản trị máy chủ của bạn.) in C:\laragon\www\Exclusive\wp-includes\functions.php on line 6114
[09-Mar-2025 14:06:22 UTC] PHP Warning:  Undefined variable $banner_title in C:\laragon\www\Exclusive\wp-content\themes\exclusive\template-parts\banner.php on line 7
[09-Mar-2025 14:06:22 UTC] PHP Warning:  Undefined variable $banner_description in C:\laragon\www\Exclusive\wp-content\themes\exclusive\template-parts\banner.php on line 8
[09-Mar-2025 14:06:22 UTC] PHP Warning:  Undefined variable $banner_button_link in C:\laragon\www\Exclusive\wp-content\themes\exclusive\template-parts\banner.php on line 10
[09-Mar-2025 14:06:22 UTC] PHP Deprecated:  ltrim(): Passing null to parameter #1 ($string) of type string is deprecated in C:\laragon\www\Exclusive\wp-includes\formatting.php on line 4467
[09-Mar-2025 14:06:22 UTC] PHP Warning:  Undefined variable $banner_button_text in C:\laragon\www\Exclusive\wp-content\themes\exclusive\template-parts\banner.php on line 11
[09-Mar-2025 14:06:26 UTC] PHP Warning:  Undefined variable $banner_title in C:\laragon\www\Exclusive\wp-content\themes\exclusive\template-parts\banner.php on line 7
[09-Mar-2025 14:06:26 UTC] PHP Warning:  Undefined variable $banner_description in C:\laragon\www\Exclusive\wp-content\themes\exclusive\template-parts\banner.php on line 8
[09-Mar-2025 14:06:26 UTC] PHP Warning:  Undefined variable $banner_button_link in C:\laragon\www\Exclusive\wp-content\themes\exclusive\template-parts\banner.php on line 10
[09-Mar-2025 14:06:26 UTC] PHP Deprecated:  ltrim(): Passing null to parameter #1 ($string) of type string is deprecated in C:\laragon\www\Exclusive\wp-includes\formatting.php on line 4467
[09-Mar-2025 14:06:26 UTC] PHP Warning:  Undefined variable $banner_button_text in C:\laragon\www\Exclusive\wp-content\themes\exclusive\template-parts\banner.php on line 11
[09-Mar-2025 14:11:35 UTC] PHP Warning:  Undefined variable $banner_description in C:\laragon\www\Exclusive\wp-content\themes\exclusive\template-parts\banner.php on line 9
[09-Mar-2025 14:11:35 UTC] PHP Warning:  Undefined variable $banner_button_link in C:\laragon\www\Exclusive\wp-content\themes\exclusive\template-parts\banner.php on line 11
[09-Mar-2025 14:11:35 UTC] PHP Deprecated:  ltrim(): Passing null to parameter #1 ($string) of type string is deprecated in C:\laragon\www\Exclusive\wp-includes\formatting.php on line 4467
[09-Mar-2025 14:11:35 UTC] PHP Warning:  Undefined variable $banner_button_text in C:\laragon\www\Exclusive\wp-content\themes\exclusive\template-parts\banner.php on line 12
[09-Mar-2025 14:13:04 UTC] PHP Warning:  Undefined variable $banner_description in C:\laragon\www\Exclusive\wp-content\themes\exclusive\template-parts\banner.php on line 8
[09-Mar-2025 14:13:04 UTC] PHP Warning:  Undefined variable $banner_button_link in C:\laragon\www\Exclusive\wp-content\themes\exclusive\template-parts\banner.php on line 10
[09-Mar-2025 14:13:04 UTC] PHP Deprecated:  ltrim(): Passing null to parameter #1 ($string) of type string is deprecated in C:\laragon\www\Exclusive\wp-includes\formatting.php on line 4467
[09-Mar-2025 14:13:04 UTC] PHP Warning:  Undefined variable $banner_button_text in C:\laragon\www\Exclusive\wp-content\themes\exclusive\template-parts\banner.php on line 11
[09-Mar-2025 14:31:00 UTC] PHP Warning:  Undefined variable $banner_description in C:\laragon\www\Exclusive\wp-content\themes\exclusive\template-parts\banner.php on line 8
[09-Mar-2025 14:31:00 UTC] PHP Warning:  Undefined variable $banner_button_link in C:\laragon\www\Exclusive\wp-content\themes\exclusive\template-parts\banner.php on line 10
[09-Mar-2025 14:31:00 UTC] PHP Deprecated:  ltrim(): Passing null to parameter #1 ($string) of type string is deprecated in C:\laragon\www\Exclusive\wp-includes\formatting.php on line 4467
[09-Mar-2025 14:31:00 UTC] PHP Warning:  Undefined variable $banner_button_text in C:\laragon\www\Exclusive\wp-content\themes\exclusive\template-parts\banner.php on line 11
[09-Mar-2025 14:35:48 UTC] PHP Warning:  Attempt to read property "title" on null in C:\laragon\www\Exclusive\wp-includes\class-wp-customize-widgets.php on line 923
[09-Mar-2025 14:35:49 UTC] PHP Warning:  Undefined variable $banner_description in C:\laragon\www\Exclusive\wp-content\themes\exclusive\template-parts\banner.php on line 8
[09-Mar-2025 14:35:49 UTC] PHP Warning:  Undefined variable $banner_button_link in C:\laragon\www\Exclusive\wp-content\themes\exclusive\template-parts\banner.php on line 10
[09-Mar-2025 14:35:49 UTC] PHP Deprecated:  ltrim(): Passing null to parameter #1 ($string) of type string is deprecated in C:\laragon\www\Exclusive\wp-includes\formatting.php on line 4467
[09-Mar-2025 14:35:49 UTC] PHP Warning:  Undefined variable $banner_button_text in C:\laragon\www\Exclusive\wp-content\themes\exclusive\template-parts\banner.php on line 11
[09-Mar-2025 14:39:31 UTC] PHP Warning:  Undefined variable $banner_description in C:\laragon\www\Exclusive\wp-content\themes\exclusive\template-parts\banner.php on line 8
[09-Mar-2025 14:39:31 UTC] PHP Warning:  Undefined variable $banner_button_link in C:\laragon\www\Exclusive\wp-content\themes\exclusive\template-parts\banner.php on line 10
[09-Mar-2025 14:39:31 UTC] PHP Deprecated:  ltrim(): Passing null to parameter #1 ($string) of type string is deprecated in C:\laragon\www\Exclusive\wp-includes\formatting.php on line 4467
[09-Mar-2025 14:39:31 UTC] PHP Warning:  Undefined variable $banner_button_text in C:\laragon\www\Exclusive\wp-content\themes\exclusive\template-parts\banner.php on line 11
[09-Mar-2025 14:39:41 UTC] PHP Warning:  Undefined variable $banner_description in C:\laragon\www\Exclusive\wp-content\themes\exclusive\template-parts\banner.php on line 8
[09-Mar-2025 14:39:41 UTC] PHP Warning:  Undefined variable $banner_button_link in C:\laragon\www\Exclusive\wp-content\themes\exclusive\template-parts\banner.php on line 10
[09-Mar-2025 14:39:41 UTC] PHP Deprecated:  ltrim(): Passing null to parameter #1 ($string) of type string is deprecated in C:\laragon\www\Exclusive\wp-includes\formatting.php on line 4467
[09-Mar-2025 14:39:41 UTC] PHP Warning:  Undefined variable $banner_button_text in C:\laragon\www\Exclusive\wp-content\themes\exclusive\template-parts\banner.php on line 11
[09-Mar-2025 14:40:15 UTC] PHP Warning:  Undefined variable $banner_description in C:\laragon\www\Exclusive\wp-content\themes\exclusive\template-parts\banner.php on line 8
[09-Mar-2025 14:40:15 UTC] PHP Warning:  Undefined variable $banner_button_link in C:\laragon\www\Exclusive\wp-content\themes\exclusive\template-parts\banner.php on line 10
[09-Mar-2025 14:40:15 UTC] PHP Deprecated:  ltrim(): Passing null to parameter #1 ($string) of type string is deprecated in C:\laragon\www\Exclusive\wp-includes\formatting.php on line 4467
[09-Mar-2025 14:40:15 UTC] PHP Warning:  Undefined variable $banner_button_text in C:\laragon\www\Exclusive\wp-content\themes\exclusive\template-parts\banner.php on line 11
[09-Mar-2025 14:42:16 UTC] PHP Warning:  Attempt to read property "title" on null in C:\laragon\www\Exclusive\wp-includes\class-wp-customize-widgets.php on line 923
[09-Mar-2025 14:42:17 UTC] PHP Warning:  Undefined variable $banner_description in C:\laragon\www\Exclusive\wp-content\themes\exclusive\template-parts\banner.php on line 8
[09-Mar-2025 14:42:17 UTC] PHP Warning:  Undefined variable $banner_button_link in C:\laragon\www\Exclusive\wp-content\themes\exclusive\template-parts\banner.php on line 10
[09-Mar-2025 14:42:17 UTC] PHP Deprecated:  ltrim(): Passing null to parameter #1 ($string) of type string is deprecated in C:\laragon\www\Exclusive\wp-includes\formatting.php on line 4467
[09-Mar-2025 14:42:17 UTC] PHP Warning:  Undefined variable $banner_button_text in C:\laragon\www\Exclusive\wp-content\themes\exclusive\template-parts\banner.php on line 11
[09-Mar-2025 14:42:31 UTC] PHP Warning:  Undefined variable $banner_description in C:\laragon\www\Exclusive\wp-content\themes\exclusive\template-parts\banner.php on line 8
[09-Mar-2025 14:42:31 UTC] PHP Warning:  Undefined variable $banner_button_link in C:\laragon\www\Exclusive\wp-content\themes\exclusive\template-parts\banner.php on line 10
[09-Mar-2025 14:42:31 UTC] PHP Deprecated:  ltrim(): Passing null to parameter #1 ($string) of type string is deprecated in C:\laragon\www\Exclusive\wp-includes\formatting.php on line 4467
[09-Mar-2025 14:42:31 UTC] PHP Warning:  Undefined variable $banner_button_text in C:\laragon\www\Exclusive\wp-content\themes\exclusive\template-parts\banner.php on line 11
[09-Mar-2025 14:43:06 UTC] PHP Warning:  Undefined variable $banner_description in C:\laragon\www\Exclusive\wp-content\themes\exclusive\template-parts\banner.php on line 8
[09-Mar-2025 14:43:06 UTC] PHP Warning:  Undefined variable $banner_button_link in C:\laragon\www\Exclusive\wp-content\themes\exclusive\template-parts\banner.php on line 10
[09-Mar-2025 14:43:06 UTC] PHP Deprecated:  ltrim(): Passing null to parameter #1 ($string) of type string is deprecated in C:\laragon\www\Exclusive\wp-includes\formatting.php on line 4467
[09-Mar-2025 14:43:06 UTC] PHP Warning:  Undefined variable $banner_button_text in C:\laragon\www\Exclusive\wp-content\themes\exclusive\template-parts\banner.php on line 11
[09-Mar-2025 14:44:20 UTC] PHP Warning:  Attempt to read property "title" on null in C:\laragon\www\Exclusive\wp-includes\class-wp-customize-widgets.php on line 923
[09-Mar-2025 14:44:21 UTC] PHP Warning:  Undefined variable $banner_description in C:\laragon\www\Exclusive\wp-content\themes\exclusive\template-parts\banner.php on line 8
[09-Mar-2025 14:44:21 UTC] PHP Warning:  Undefined variable $banner_button_link in C:\laragon\www\Exclusive\wp-content\themes\exclusive\template-parts\banner.php on line 10
[09-Mar-2025 14:44:21 UTC] PHP Deprecated:  ltrim(): Passing null to parameter #1 ($string) of type string is deprecated in C:\laragon\www\Exclusive\wp-includes\formatting.php on line 4467
[09-Mar-2025 14:44:21 UTC] PHP Warning:  Undefined variable $banner_button_text in C:\laragon\www\Exclusive\wp-content\themes\exclusive\template-parts\banner.php on line 11
[09-Mar-2025 14:44:30 UTC] PHP Warning:  Undefined variable $banner_description in C:\laragon\www\Exclusive\wp-content\themes\exclusive\template-parts\banner.php on line 8
[09-Mar-2025 14:44:30 UTC] PHP Warning:  Undefined variable $banner_button_link in C:\laragon\www\Exclusive\wp-content\themes\exclusive\template-parts\banner.php on line 10
[09-Mar-2025 14:44:30 UTC] PHP Deprecated:  ltrim(): Passing null to parameter #1 ($string) of type string is deprecated in C:\laragon\www\Exclusive\wp-includes\formatting.php on line 4467
[09-Mar-2025 14:44:30 UTC] PHP Warning:  Undefined variable $banner_button_text in C:\laragon\www\Exclusive\wp-content\themes\exclusive\template-parts\banner.php on line 11
[09-Mar-2025 14:44:47 UTC] PHP Warning:  Undefined variable $banner_description in C:\laragon\www\Exclusive\wp-content\themes\exclusive\template-parts\banner.php on line 8
[09-Mar-2025 14:44:47 UTC] PHP Warning:  Undefined variable $banner_button_link in C:\laragon\www\Exclusive\wp-content\themes\exclusive\template-parts\banner.php on line 10
[09-Mar-2025 14:44:47 UTC] PHP Deprecated:  ltrim(): Passing null to parameter #1 ($string) of type string is deprecated in C:\laragon\www\Exclusive\wp-includes\formatting.php on line 4467
[09-Mar-2025 14:44:47 UTC] PHP Warning:  Undefined variable $banner_button_text in C:\laragon\www\Exclusive\wp-content\themes\exclusive\template-parts\banner.php on line 11
[09-Mar-2025 14:45:23 UTC] PHP Warning:  Attempt to read property "title" on null in C:\laragon\www\Exclusive\wp-includes\class-wp-customize-widgets.php on line 923
[09-Mar-2025 14:45:25 UTC] PHP Warning:  Undefined variable $banner_description in C:\laragon\www\Exclusive\wp-content\themes\exclusive\template-parts\banner.php on line 8
[09-Mar-2025 14:45:25 UTC] PHP Warning:  Undefined variable $banner_button_link in C:\laragon\www\Exclusive\wp-content\themes\exclusive\template-parts\banner.php on line 10
[09-Mar-2025 14:45:25 UTC] PHP Deprecated:  ltrim(): Passing null to parameter #1 ($string) of type string is deprecated in C:\laragon\www\Exclusive\wp-includes\formatting.php on line 4467
[09-Mar-2025 14:45:25 UTC] PHP Warning:  Undefined variable $banner_button_text in C:\laragon\www\Exclusive\wp-content\themes\exclusive\template-parts\banner.php on line 11
[09-Mar-2025 14:45:28 UTC] PHP Warning:  Undefined variable $banner_description in C:\laragon\www\Exclusive\wp-content\themes\exclusive\template-parts\banner.php on line 8
[09-Mar-2025 14:45:28 UTC] PHP Warning:  Undefined variable $banner_button_link in C:\laragon\www\Exclusive\wp-content\themes\exclusive\template-parts\banner.php on line 10
[09-Mar-2025 14:45:28 UTC] PHP Deprecated:  ltrim(): Passing null to parameter #1 ($string) of type string is deprecated in C:\laragon\www\Exclusive\wp-includes\formatting.php on line 4467
[09-Mar-2025 14:45:28 UTC] PHP Warning:  Undefined variable $banner_button_text in C:\laragon\www\Exclusive\wp-content\themes\exclusive\template-parts\banner.php on line 11
[09-Mar-2025 14:45:31 UTC] PHP Warning:  Undefined variable $banner_description in C:\laragon\www\Exclusive\wp-content\themes\exclusive\template-parts\banner.php on line 8
[09-Mar-2025 14:45:31 UTC] PHP Warning:  Undefined variable $banner_button_link in C:\laragon\www\Exclusive\wp-content\themes\exclusive\template-parts\banner.php on line 10
[09-Mar-2025 14:45:31 UTC] PHP Deprecated:  ltrim(): Passing null to parameter #1 ($string) of type string is deprecated in C:\laragon\www\Exclusive\wp-includes\formatting.php on line 4467
[09-Mar-2025 14:45:31 UTC] PHP Warning:  Undefined variable $banner_button_text in C:\laragon\www\Exclusive\wp-content\themes\exclusive\template-parts\banner.php on line 11
[09-Mar-2025 14:45:33 UTC] PHP Warning:  Undefined variable $banner_description in C:\laragon\www\Exclusive\wp-content\themes\exclusive\template-parts\banner.php on line 8
[09-Mar-2025 14:45:33 UTC] PHP Warning:  Undefined variable $banner_button_link in C:\laragon\www\Exclusive\wp-content\themes\exclusive\template-parts\banner.php on line 10
[09-Mar-2025 14:45:33 UTC] PHP Deprecated:  ltrim(): Passing null to parameter #1 ($string) of type string is deprecated in C:\laragon\www\Exclusive\wp-includes\formatting.php on line 4467
[09-Mar-2025 14:45:33 UTC] PHP Warning:  Undefined variable $banner_button_text in C:\laragon\www\Exclusive\wp-content\themes\exclusive\template-parts\banner.php on line 11
[09-Mar-2025 14:45:34 UTC] PHP Warning:  Undefined variable $banner_description in C:\laragon\www\Exclusive\wp-content\themes\exclusive\template-parts\banner.php on line 8
[09-Mar-2025 14:45:34 UTC] PHP Warning:  Undefined variable $banner_button_link in C:\laragon\www\Exclusive\wp-content\themes\exclusive\template-parts\banner.php on line 10
[09-Mar-2025 14:45:34 UTC] PHP Deprecated:  ltrim(): Passing null to parameter #1 ($string) of type string is deprecated in C:\laragon\www\Exclusive\wp-includes\formatting.php on line 4467
[09-Mar-2025 14:45:34 UTC] PHP Warning:  Undefined variable $banner_button_text in C:\laragon\www\Exclusive\wp-content\themes\exclusive\template-parts\banner.php on line 11
[09-Mar-2025 14:45:35 UTC] PHP Warning:  Undefined variable $banner_description in C:\laragon\www\Exclusive\wp-content\themes\exclusive\template-parts\banner.php on line 8
[09-Mar-2025 14:45:35 UTC] PHP Warning:  Undefined variable $banner_button_link in C:\laragon\www\Exclusive\wp-content\themes\exclusive\template-parts\banner.php on line 10
[09-Mar-2025 14:45:35 UTC] PHP Deprecated:  ltrim(): Passing null to parameter #1 ($string) of type string is deprecated in C:\laragon\www\Exclusive\wp-includes\formatting.php on line 4467
[09-Mar-2025 14:45:35 UTC] PHP Warning:  Undefined variable $banner_button_text in C:\laragon\www\Exclusive\wp-content\themes\exclusive\template-parts\banner.php on line 11
[09-Mar-2025 14:51:29 UTC] PHP Warning:  Undefined variable $banner_description in C:\laragon\www\Exclusive\wp-content\themes\exclusive\template-parts\banner.php on line 8
[09-Mar-2025 14:51:29 UTC] PHP Warning:  Undefined variable $banner_button_link in C:\laragon\www\Exclusive\wp-content\themes\exclusive\template-parts\banner.php on line 10
[09-Mar-2025 14:51:29 UTC] PHP Deprecated:  ltrim(): Passing null to parameter #1 ($string) of type string is deprecated in C:\laragon\www\Exclusive\wp-includes\formatting.php on line 4467
[09-Mar-2025 14:51:29 UTC] PHP Warning:  Undefined variable $banner_button_text in C:\laragon\www\Exclusive\wp-content\themes\exclusive\template-parts\banner.php on line 11
[09-Mar-2025 14:52:07 UTC] PHP Warning:  Undefined variable $banner_description in C:\laragon\www\Exclusive\wp-content\themes\exclusive\template-parts\banner.php on line 8
[09-Mar-2025 14:52:07 UTC] PHP Warning:  Undefined variable $banner_button_link in C:\laragon\www\Exclusive\wp-content\themes\exclusive\template-parts\banner.php on line 10
[09-Mar-2025 14:52:07 UTC] PHP Deprecated:  ltrim(): Passing null to parameter #1 ($string) of type string is deprecated in C:\laragon\www\Exclusive\wp-includes\formatting.php on line 4467
[09-Mar-2025 14:52:07 UTC] PHP Warning:  Undefined variable $banner_button_text in C:\laragon\www\Exclusive\wp-content\themes\exclusive\template-parts\banner.php on line 11
[09-Mar-2025 14:52:09 UTC] PHP Warning:  Undefined variable $banner_description in C:\laragon\www\Exclusive\wp-content\themes\exclusive\template-parts\banner.php on line 8
[09-Mar-2025 14:52:09 UTC] PHP Warning:  Undefined variable $banner_button_link in C:\laragon\www\Exclusive\wp-content\themes\exclusive\template-parts\banner.php on line 10
[09-Mar-2025 14:52:09 UTC] PHP Deprecated:  ltrim(): Passing null to parameter #1 ($string) of type string is deprecated in C:\laragon\www\Exclusive\wp-includes\formatting.php on line 4467
[09-Mar-2025 14:52:09 UTC] PHP Warning:  Undefined variable $banner_button_text in C:\laragon\www\Exclusive\wp-content\themes\exclusive\template-parts\banner.php on line 11
[09-Mar-2025 14:52:14 UTC] PHP Warning:  Attempt to read property "title" on null in C:\laragon\www\Exclusive\wp-includes\class-wp-customize-widgets.php on line 923
[09-Mar-2025 14:52:15 UTC] PHP Warning:  Undefined variable $banner_description in C:\laragon\www\Exclusive\wp-content\themes\exclusive\template-parts\banner.php on line 8
[09-Mar-2025 14:52:15 UTC] PHP Warning:  Undefined variable $banner_button_link in C:\laragon\www\Exclusive\wp-content\themes\exclusive\template-parts\banner.php on line 10
[09-Mar-2025 14:52:15 UTC] PHP Deprecated:  ltrim(): Passing null to parameter #1 ($string) of type string is deprecated in C:\laragon\www\Exclusive\wp-includes\formatting.php on line 4467
[09-Mar-2025 14:52:15 UTC] PHP Warning:  Undefined variable $banner_button_text in C:\laragon\www\Exclusive\wp-content\themes\exclusive\template-parts\banner.php on line 11
[09-Mar-2025 14:52:25 UTC] PHP Warning:  Undefined variable $banner_description in C:\laragon\www\Exclusive\wp-content\themes\exclusive\template-parts\banner.php on line 8
[09-Mar-2025 14:52:25 UTC] PHP Warning:  Undefined variable $banner_button_link in C:\laragon\www\Exclusive\wp-content\themes\exclusive\template-parts\banner.php on line 10
[09-Mar-2025 14:52:25 UTC] PHP Deprecated:  ltrim(): Passing null to parameter #1 ($string) of type string is deprecated in C:\laragon\www\Exclusive\wp-includes\formatting.php on line 4467
[09-Mar-2025 14:52:25 UTC] PHP Warning:  Undefined variable $banner_button_text in C:\laragon\www\Exclusive\wp-content\themes\exclusive\template-parts\banner.php on line 11
[09-Mar-2025 14:53:07 UTC] PHP Warning:  Undefined variable $banner_description in C:\laragon\www\Exclusive\wp-content\themes\exclusive\template-parts\banner.php on line 8
[09-Mar-2025 14:53:07 UTC] PHP Warning:  Undefined variable $banner_button_link in C:\laragon\www\Exclusive\wp-content\themes\exclusive\template-parts\banner.php on line 10
[09-Mar-2025 14:53:07 UTC] PHP Deprecated:  ltrim(): Passing null to parameter #1 ($string) of type string is deprecated in C:\laragon\www\Exclusive\wp-includes\formatting.php on line 4467
[09-Mar-2025 14:53:07 UTC] PHP Warning:  Undefined variable $banner_button_text in C:\laragon\www\Exclusive\wp-content\themes\exclusive\template-parts\banner.php on line 11
[09-Mar-2025 14:53:14 UTC] PHP Warning:  Undefined variable $banner_description in C:\laragon\www\Exclusive\wp-content\themes\exclusive\template-parts\banner.php on line 8
[09-Mar-2025 14:53:14 UTC] PHP Warning:  Undefined variable $banner_button_link in C:\laragon\www\Exclusive\wp-content\themes\exclusive\template-parts\banner.php on line 10
[09-Mar-2025 14:53:14 UTC] PHP Deprecated:  ltrim(): Passing null to parameter #1 ($string) of type string is deprecated in C:\laragon\www\Exclusive\wp-includes\formatting.php on line 4467
[09-Mar-2025 14:53:14 UTC] PHP Warning:  Undefined variable $banner_button_text in C:\laragon\www\Exclusive\wp-content\themes\exclusive\template-parts\banner.php on line 11
[09-Mar-2025 14:55:40 UTC] PHP Warning:  Undefined variable $banner_description in C:\laragon\www\Exclusive\wp-content\themes\exclusive\template-parts\banner.php on line 8
[09-Mar-2025 14:55:40 UTC] PHP Warning:  Undefined variable $banner_button_link in C:\laragon\www\Exclusive\wp-content\themes\exclusive\template-parts\banner.php on line 10
[09-Mar-2025 14:55:40 UTC] PHP Deprecated:  ltrim(): Passing null to parameter #1 ($string) of type string is deprecated in C:\laragon\www\Exclusive\wp-includes\formatting.php on line 4467
[09-Mar-2025 14:55:40 UTC] PHP Warning:  Undefined variable $banner_button_text in C:\laragon\www\Exclusive\wp-content\themes\exclusive\template-parts\banner.php on line 11
[09-Mar-2025 15:02:07 UTC] PHP Warning:  Undefined variable $banner_description in C:\laragon\www\Exclusive\wp-content\themes\exclusive\template-parts\banner.php on line 8
[09-Mar-2025 15:02:07 UTC] PHP Warning:  Undefined variable $banner_button_link in C:\laragon\www\Exclusive\wp-content\themes\exclusive\template-parts\banner.php on line 10
[09-Mar-2025 15:02:07 UTC] PHP Deprecated:  ltrim(): Passing null to parameter #1 ($string) of type string is deprecated in C:\laragon\www\Exclusive\wp-includes\formatting.php on line 4467
[09-Mar-2025 15:02:07 UTC] PHP Warning:  Undefined variable $banner_button_text in C:\laragon\www\Exclusive\wp-content\themes\exclusive\template-parts\banner.php on line 11
[09-Mar-2025 15:02:50 UTC] PHP Warning:  Undefined variable $banner_description in C:\laragon\www\Exclusive\wp-content\themes\exclusive\template-parts\banner.php on line 8
[09-Mar-2025 15:02:50 UTC] PHP Warning:  Undefined variable $banner_button_link in C:\laragon\www\Exclusive\wp-content\themes\exclusive\template-parts\banner.php on line 10
[09-Mar-2025 15:02:50 UTC] PHP Deprecated:  ltrim(): Passing null to parameter #1 ($string) of type string is deprecated in C:\laragon\www\Exclusive\wp-includes\formatting.php on line 4467
[09-Mar-2025 15:02:50 UTC] PHP Warning:  Undefined variable $banner_button_text in C:\laragon\www\Exclusive\wp-content\themes\exclusive\template-parts\banner.php on line 11
[09-Mar-2025 15:03:55 UTC] PHP Warning:  Undefined variable $banner_description in C:\laragon\www\Exclusive\wp-content\themes\exclusive\template-parts\banner.php on line 8
[09-Mar-2025 15:03:55 UTC] PHP Warning:  Undefined variable $banner_button_link in C:\laragon\www\Exclusive\wp-content\themes\exclusive\template-parts\banner.php on line 10
[09-Mar-2025 15:03:55 UTC] PHP Deprecated:  ltrim(): Passing null to parameter #1 ($string) of type string is deprecated in C:\laragon\www\Exclusive\wp-includes\formatting.php on line 4467
[09-Mar-2025 15:03:55 UTC] PHP Warning:  Undefined variable $banner_button_text in C:\laragon\www\Exclusive\wp-content\themes\exclusive\template-parts\banner.php on line 11
[09-Mar-2025 15:04:45 UTC] PHP Warning:  Undefined variable $banner_description in C:\laragon\www\Exclusive\wp-content\themes\exclusive\template-parts\banner.php on line 8
[09-Mar-2025 15:04:45 UTC] PHP Warning:  Undefined variable $banner_button_link in C:\laragon\www\Exclusive\wp-content\themes\exclusive\template-parts\banner.php on line 10
[09-Mar-2025 15:04:45 UTC] PHP Deprecated:  ltrim(): Passing null to parameter #1 ($string) of type string is deprecated in C:\laragon\www\Exclusive\wp-includes\formatting.php on line 4467
[09-Mar-2025 15:04:45 UTC] PHP Warning:  Undefined variable $banner_button_text in C:\laragon\www\Exclusive\wp-content\themes\exclusive\template-parts\banner.php on line 11
[09-Mar-2025 15:05:14 UTC] PHP Warning:  Undefined variable $banner_description in C:\laragon\www\Exclusive\wp-content\themes\exclusive\template-parts\banner.php on line 8
[09-Mar-2025 15:05:14 UTC] PHP Warning:  Undefined variable $banner_button_link in C:\laragon\www\Exclusive\wp-content\themes\exclusive\template-parts\banner.php on line 10
[09-Mar-2025 15:05:14 UTC] PHP Deprecated:  ltrim(): Passing null to parameter #1 ($string) of type string is deprecated in C:\laragon\www\Exclusive\wp-includes\formatting.php on line 4467
[09-Mar-2025 15:05:14 UTC] PHP Warning:  Undefined variable $banner_button_text in C:\laragon\www\Exclusive\wp-content\themes\exclusive\template-parts\banner.php on line 11
[09-Mar-2025 15:05:18 UTC] PHP Warning:  Undefined variable $banner_description in C:\laragon\www\Exclusive\wp-content\themes\exclusive\template-parts\banner.php on line 8
[09-Mar-2025 15:05:18 UTC] PHP Warning:  Undefined variable $banner_button_link in C:\laragon\www\Exclusive\wp-content\themes\exclusive\template-parts\banner.php on line 10
[09-Mar-2025 15:05:18 UTC] PHP Deprecated:  ltrim(): Passing null to parameter #1 ($string) of type string is deprecated in C:\laragon\www\Exclusive\wp-includes\formatting.php on line 4467
[09-Mar-2025 15:05:18 UTC] PHP Warning:  Undefined variable $banner_button_text in C:\laragon\www\Exclusive\wp-content\themes\exclusive\template-parts\banner.php on line 11
[09-Mar-2025 15:05:37 UTC] PHP Warning:  Undefined variable $banner_description in C:\laragon\www\Exclusive\wp-content\themes\exclusive\template-parts\banner.php on line 8
[09-Mar-2025 15:05:37 UTC] PHP Warning:  Undefined variable $banner_button_link in C:\laragon\www\Exclusive\wp-content\themes\exclusive\template-parts\banner.php on line 10
[09-Mar-2025 15:05:37 UTC] PHP Deprecated:  ltrim(): Passing null to parameter #1 ($string) of type string is deprecated in C:\laragon\www\Exclusive\wp-includes\formatting.php on line 4467
[09-Mar-2025 15:05:37 UTC] PHP Warning:  Undefined variable $banner_button_text in C:\laragon\www\Exclusive\wp-content\themes\exclusive\template-parts\banner.php on line 11
[09-Mar-2025 15:06:22 UTC] PHP Warning:  Undefined variable $banner_description in C:\laragon\www\Exclusive\wp-content\themes\exclusive\template-parts\banner.php on line 8
[09-Mar-2025 15:06:22 UTC] PHP Warning:  Undefined variable $banner_button_link in C:\laragon\www\Exclusive\wp-content\themes\exclusive\template-parts\banner.php on line 10
[09-Mar-2025 15:06:22 UTC] PHP Deprecated:  ltrim(): Passing null to parameter #1 ($string) of type string is deprecated in C:\laragon\www\Exclusive\wp-includes\formatting.php on line 4467
[09-Mar-2025 15:06:22 UTC] PHP Warning:  Undefined variable $banner_button_text in C:\laragon\www\Exclusive\wp-content\themes\exclusive\template-parts\banner.php on line 11
[09-Mar-2025 15:07:34 UTC] PHP Warning:  Undefined variable $banner_description in C:\laragon\www\Exclusive\wp-content\themes\exclusive\template-parts\banner.php on line 8
[09-Mar-2025 15:07:34 UTC] PHP Warning:  Undefined variable $banner_button_link in C:\laragon\www\Exclusive\wp-content\themes\exclusive\template-parts\banner.php on line 10
[09-Mar-2025 15:07:34 UTC] PHP Deprecated:  ltrim(): Passing null to parameter #1 ($string) of type string is deprecated in C:\laragon\www\Exclusive\wp-includes\formatting.php on line 4467
[09-Mar-2025 15:07:34 UTC] PHP Warning:  Undefined variable $banner_button_text in C:\laragon\www\Exclusive\wp-content\themes\exclusive\template-parts\banner.php on line 11
[09-Mar-2025 15:07:47 UTC] PHP Warning:  Undefined variable $banner_description in C:\laragon\www\Exclusive\wp-content\themes\exclusive\template-parts\banner.php on line 8
[09-Mar-2025 15:07:47 UTC] PHP Warning:  Undefined variable $banner_button_link in C:\laragon\www\Exclusive\wp-content\themes\exclusive\template-parts\banner.php on line 10
[09-Mar-2025 15:07:47 UTC] PHP Deprecated:  ltrim(): Passing null to parameter #1 ($string) of type string is deprecated in C:\laragon\www\Exclusive\wp-includes\formatting.php on line 4467
[09-Mar-2025 15:07:47 UTC] PHP Warning:  Undefined variable $banner_button_text in C:\laragon\www\Exclusive\wp-content\themes\exclusive\template-parts\banner.php on line 11
[09-Mar-2025 15:09:49 UTC] PHP Warning:  Undefined variable $banner_description in C:\laragon\www\Exclusive\wp-content\themes\exclusive\template-parts\banner.php on line 8
[09-Mar-2025 15:09:49 UTC] PHP Warning:  Undefined variable $banner_button_link in C:\laragon\www\Exclusive\wp-content\themes\exclusive\template-parts\banner.php on line 10
[09-Mar-2025 15:09:49 UTC] PHP Deprecated:  ltrim(): Passing null to parameter #1 ($string) of type string is deprecated in C:\laragon\www\Exclusive\wp-includes\formatting.php on line 4467
[09-Mar-2025 15:09:49 UTC] PHP Warning:  Undefined variable $banner_button_text in C:\laragon\www\Exclusive\wp-content\themes\exclusive\template-parts\banner.php on line 11
[09-Mar-2025 15:10:00 UTC] PHP Warning:  Undefined variable $banner_description in C:\laragon\www\Exclusive\wp-content\themes\exclusive\template-parts\banner.php on line 8
[09-Mar-2025 15:10:00 UTC] PHP Warning:  Undefined variable $banner_button_link in C:\laragon\www\Exclusive\wp-content\themes\exclusive\template-parts\banner.php on line 10
[09-Mar-2025 15:10:00 UTC] PHP Deprecated:  ltrim(): Passing null to parameter #1 ($string) of type string is deprecated in C:\laragon\www\Exclusive\wp-includes\formatting.php on line 4467
[09-Mar-2025 15:10:00 UTC] PHP Warning:  Undefined variable $banner_button_text in C:\laragon\www\Exclusive\wp-content\themes\exclusive\template-parts\banner.php on line 11
[09-Mar-2025 15:10:17 UTC] PHP Warning:  Undefined variable $banner_description in C:\laragon\www\Exclusive\wp-content\themes\exclusive\template-parts\banner.php on line 8
[09-Mar-2025 15:10:17 UTC] PHP Warning:  Undefined variable $banner_button_link in C:\laragon\www\Exclusive\wp-content\themes\exclusive\template-parts\banner.php on line 10
[09-Mar-2025 15:10:17 UTC] PHP Deprecated:  ltrim(): Passing null to parameter #1 ($string) of type string is deprecated in C:\laragon\www\Exclusive\wp-includes\formatting.php on line 4467
[09-Mar-2025 15:10:17 UTC] PHP Warning:  Undefined variable $banner_button_text in C:\laragon\www\Exclusive\wp-content\themes\exclusive\template-parts\banner.php on line 11
[09-Mar-2025 15:10:21 UTC] PHP Warning:  Undefined variable $banner_description in C:\laragon\www\Exclusive\wp-content\themes\exclusive\template-parts\banner.php on line 8
[09-Mar-2025 15:10:21 UTC] PHP Warning:  Undefined variable $banner_button_link in C:\laragon\www\Exclusive\wp-content\themes\exclusive\template-parts\banner.php on line 10
[09-Mar-2025 15:10:21 UTC] PHP Deprecated:  ltrim(): Passing null to parameter #1 ($string) of type string is deprecated in C:\laragon\www\Exclusive\wp-includes\formatting.php on line 4467
[09-Mar-2025 15:10:21 UTC] PHP Warning:  Undefined variable $banner_button_text in C:\laragon\www\Exclusive\wp-content\themes\exclusive\template-parts\banner.php on line 11
[09-Mar-2025 15:10:28 UTC] PHP Warning:  Undefined variable $banner_description in C:\laragon\www\Exclusive\wp-content\themes\exclusive\template-parts\banner.php on line 8
[09-Mar-2025 15:10:28 UTC] PHP Warning:  Undefined variable $banner_button_link in C:\laragon\www\Exclusive\wp-content\themes\exclusive\template-parts\banner.php on line 10
[09-Mar-2025 15:10:28 UTC] PHP Deprecated:  ltrim(): Passing null to parameter #1 ($string) of type string is deprecated in C:\laragon\www\Exclusive\wp-includes\formatting.php on line 4467
[09-Mar-2025 15:10:28 UTC] PHP Warning:  Undefined variable $banner_button_text in C:\laragon\www\Exclusive\wp-content\themes\exclusive\template-parts\banner.php on line 11
[09-Mar-2025 15:10:33 UTC] PHP Warning:  Undefined variable $banner_description in C:\laragon\www\Exclusive\wp-content\themes\exclusive\template-parts\banner.php on line 8
[09-Mar-2025 15:10:33 UTC] PHP Warning:  Undefined variable $banner_button_link in C:\laragon\www\Exclusive\wp-content\themes\exclusive\template-parts\banner.php on line 10
[09-Mar-2025 15:10:33 UTC] PHP Deprecated:  ltrim(): Passing null to parameter #1 ($string) of type string is deprecated in C:\laragon\www\Exclusive\wp-includes\formatting.php on line 4467
[09-Mar-2025 15:10:33 UTC] PHP Warning:  Undefined variable $banner_button_text in C:\laragon\www\Exclusive\wp-content\themes\exclusive\template-parts\banner.php on line 11
[09-Mar-2025 15:10:51 UTC] PHP Warning:  Undefined variable $banner_description in C:\laragon\www\Exclusive\wp-content\themes\exclusive\template-parts\banner.php on line 8
[09-Mar-2025 15:10:51 UTC] PHP Warning:  Undefined variable $banner_button_link in C:\laragon\www\Exclusive\wp-content\themes\exclusive\template-parts\banner.php on line 10
[09-Mar-2025 15:10:51 UTC] PHP Deprecated:  ltrim(): Passing null to parameter #1 ($string) of type string is deprecated in C:\laragon\www\Exclusive\wp-includes\formatting.php on line 4467
[09-Mar-2025 15:10:51 UTC] PHP Warning:  Undefined variable $banner_button_text in C:\laragon\www\Exclusive\wp-content\themes\exclusive\template-parts\banner.php on line 11
[09-Mar-2025 15:11:17 UTC] PHP Warning:  Undefined variable $banner_description in C:\laragon\www\Exclusive\wp-content\themes\exclusive\template-parts\banner.php on line 8
[09-Mar-2025 15:11:17 UTC] PHP Warning:  Undefined variable $banner_button_link in C:\laragon\www\Exclusive\wp-content\themes\exclusive\template-parts\banner.php on line 10
[09-Mar-2025 15:11:17 UTC] PHP Deprecated:  ltrim(): Passing null to parameter #1 ($string) of type string is deprecated in C:\laragon\www\Exclusive\wp-includes\formatting.php on line 4467
[09-Mar-2025 15:11:17 UTC] PHP Warning:  Undefined variable $banner_button_text in C:\laragon\www\Exclusive\wp-content\themes\exclusive\template-parts\banner.php on line 11
[09-Mar-2025 15:11:20 UTC] PHP Warning:  Undefined variable $banner_description in C:\laragon\www\Exclusive\wp-content\themes\exclusive\template-parts\banner.php on line 8
[09-Mar-2025 15:11:20 UTC] PHP Warning:  Undefined variable $banner_button_link in C:\laragon\www\Exclusive\wp-content\themes\exclusive\template-parts\banner.php on line 10
[09-Mar-2025 15:11:20 UTC] PHP Deprecated:  ltrim(): Passing null to parameter #1 ($string) of type string is deprecated in C:\laragon\www\Exclusive\wp-includes\formatting.php on line 4467
[09-Mar-2025 15:11:20 UTC] PHP Warning:  Undefined variable $banner_button_text in C:\laragon\www\Exclusive\wp-content\themes\exclusive\template-parts\banner.php on line 11
[09-Mar-2025 15:11:47 UTC] PHP Warning:  Undefined variable $banner_description in C:\laragon\www\Exclusive\wp-content\themes\exclusive\template-parts\banner.php on line 8
[09-Mar-2025 15:11:47 UTC] PHP Warning:  Undefined variable $banner_button_link in C:\laragon\www\Exclusive\wp-content\themes\exclusive\template-parts\banner.php on line 10
[09-Mar-2025 15:11:47 UTC] PHP Deprecated:  ltrim(): Passing null to parameter #1 ($string) of type string is deprecated in C:\laragon\www\Exclusive\wp-includes\formatting.php on line 4467
[09-Mar-2025 15:11:47 UTC] PHP Warning:  Undefined variable $banner_button_text in C:\laragon\www\Exclusive\wp-content\themes\exclusive\template-parts\banner.php on line 11
[09-Mar-2025 15:11:55 UTC] PHP Warning:  Undefined variable $banner_description in C:\laragon\www\Exclusive\wp-content\themes\exclusive\template-parts\banner.php on line 8
[09-Mar-2025 15:11:55 UTC] PHP Warning:  Undefined variable $banner_button_link in C:\laragon\www\Exclusive\wp-content\themes\exclusive\template-parts\banner.php on line 10
[09-Mar-2025 15:11:55 UTC] PHP Deprecated:  ltrim(): Passing null to parameter #1 ($string) of type string is deprecated in C:\laragon\www\Exclusive\wp-includes\formatting.php on line 4467
[09-Mar-2025 15:11:55 UTC] PHP Warning:  Undefined variable $banner_button_text in C:\laragon\www\Exclusive\wp-content\themes\exclusive\template-parts\banner.php on line 11
[09-Mar-2025 15:12:05 UTC] PHP Warning:  Undefined variable $banner_description in C:\laragon\www\Exclusive\wp-content\themes\exclusive\template-parts\banner.php on line 8
[09-Mar-2025 15:12:05 UTC] PHP Warning:  Undefined variable $banner_button_link in C:\laragon\www\Exclusive\wp-content\themes\exclusive\template-parts\banner.php on line 10
[09-Mar-2025 15:12:05 UTC] PHP Deprecated:  ltrim(): Passing null to parameter #1 ($string) of type string is deprecated in C:\laragon\www\Exclusive\wp-includes\formatting.php on line 4467
[09-Mar-2025 15:12:05 UTC] PHP Warning:  Undefined variable $banner_button_text in C:\laragon\www\Exclusive\wp-content\themes\exclusive\template-parts\banner.php on line 11
[09-Mar-2025 15:13:07 UTC] PHP Warning:  Undefined variable $banner_description in C:\laragon\www\Exclusive\wp-content\themes\exclusive\template-parts\banner.php on line 8
[09-Mar-2025 15:13:07 UTC] PHP Warning:  Undefined variable $banner_button_link in C:\laragon\www\Exclusive\wp-content\themes\exclusive\template-parts\banner.php on line 10
[09-Mar-2025 15:13:07 UTC] PHP Deprecated:  ltrim(): Passing null to parameter #1 ($string) of type string is deprecated in C:\laragon\www\Exclusive\wp-includes\formatting.php on line 4467
[09-Mar-2025 15:13:07 UTC] PHP Warning:  Undefined variable $banner_button_text in C:\laragon\www\Exclusive\wp-content\themes\exclusive\template-parts\banner.php on line 11
[09-Mar-2025 15:13:11 UTC] PHP Warning:  Undefined variable $banner_description in C:\laragon\www\Exclusive\wp-content\themes\exclusive\template-parts\banner.php on line 8
[09-Mar-2025 15:13:11 UTC] PHP Warning:  Undefined variable $banner_button_link in C:\laragon\www\Exclusive\wp-content\themes\exclusive\template-parts\banner.php on line 10
[09-Mar-2025 15:13:11 UTC] PHP Deprecated:  ltrim(): Passing null to parameter #1 ($string) of type string is deprecated in C:\laragon\www\Exclusive\wp-includes\formatting.php on line 4467
[09-Mar-2025 15:13:11 UTC] PHP Warning:  Undefined variable $banner_button_text in C:\laragon\www\Exclusive\wp-content\themes\exclusive\template-parts\banner.php on line 11
[09-Mar-2025 15:13:25 UTC] PHP Warning:  Undefined variable $banner_description in C:\laragon\www\Exclusive\wp-content\themes\exclusive\template-parts\banner.php on line 8
[09-Mar-2025 15:13:25 UTC] PHP Warning:  Undefined variable $banner_button_link in C:\laragon\www\Exclusive\wp-content\themes\exclusive\template-parts\banner.php on line 10
[09-Mar-2025 15:13:25 UTC] PHP Deprecated:  ltrim(): Passing null to parameter #1 ($string) of type string is deprecated in C:\laragon\www\Exclusive\wp-includes\formatting.php on line 4467
[09-Mar-2025 15:13:25 UTC] PHP Warning:  Undefined variable $banner_button_text in C:\laragon\www\Exclusive\wp-content\themes\exclusive\template-parts\banner.php on line 11
[09-Mar-2025 15:13:55 UTC] PHP Warning:  Undefined variable $banner_description in C:\laragon\www\Exclusive\wp-content\themes\exclusive\template-parts\banner.php on line 8
[09-Mar-2025 15:13:55 UTC] PHP Warning:  Undefined variable $banner_button_link in C:\laragon\www\Exclusive\wp-content\themes\exclusive\template-parts\banner.php on line 10
[09-Mar-2025 15:13:55 UTC] PHP Deprecated:  ltrim(): Passing null to parameter #1 ($string) of type string is deprecated in C:\laragon\www\Exclusive\wp-includes\formatting.php on line 4467
[09-Mar-2025 15:13:55 UTC] PHP Warning:  Undefined variable $banner_button_text in C:\laragon\www\Exclusive\wp-content\themes\exclusive\template-parts\banner.php on line 11
[09-Mar-2025 15:14:19 UTC] PHP Warning:  Undefined variable $banner_description in C:\laragon\www\Exclusive\wp-content\themes\exclusive\template-parts\banner.php on line 8
[09-Mar-2025 15:14:19 UTC] PHP Warning:  Undefined variable $banner_button_link in C:\laragon\www\Exclusive\wp-content\themes\exclusive\template-parts\banner.php on line 10
[09-Mar-2025 15:14:19 UTC] PHP Deprecated:  ltrim(): Passing null to parameter #1 ($string) of type string is deprecated in C:\laragon\www\Exclusive\wp-includes\formatting.php on line 4467
[09-Mar-2025 15:14:19 UTC] PHP Warning:  Undefined variable $banner_button_text in C:\laragon\www\Exclusive\wp-content\themes\exclusive\template-parts\banner.php on line 11
[09-Mar-2025 15:14:32 UTC] PHP Warning:  Undefined variable $banner_description in C:\laragon\www\Exclusive\wp-content\themes\exclusive\template-parts\banner.php on line 8
[09-Mar-2025 15:14:32 UTC] PHP Warning:  Undefined variable $banner_button_link in C:\laragon\www\Exclusive\wp-content\themes\exclusive\template-parts\banner.php on line 10
[09-Mar-2025 15:14:32 UTC] PHP Deprecated:  ltrim(): Passing null to parameter #1 ($string) of type string is deprecated in C:\laragon\www\Exclusive\wp-includes\formatting.php on line 4467
[09-Mar-2025 15:14:32 UTC] PHP Warning:  Undefined variable $banner_button_text in C:\laragon\www\Exclusive\wp-content\themes\exclusive\template-parts\banner.php on line 11
[09-Mar-2025 15:14:39 UTC] PHP Warning:  Undefined variable $banner_description in C:\laragon\www\Exclusive\wp-content\themes\exclusive\template-parts\banner.php on line 8
[09-Mar-2025 15:14:39 UTC] PHP Warning:  Undefined variable $banner_button_link in C:\laragon\www\Exclusive\wp-content\themes\exclusive\template-parts\banner.php on line 10
[09-Mar-2025 15:14:39 UTC] PHP Deprecated:  ltrim(): Passing null to parameter #1 ($string) of type string is deprecated in C:\laragon\www\Exclusive\wp-includes\formatting.php on line 4467
[09-Mar-2025 15:14:39 UTC] PHP Warning:  Undefined variable $banner_button_text in C:\laragon\www\Exclusive\wp-content\themes\exclusive\template-parts\banner.php on line 11
[09-Mar-2025 15:14:53 UTC] PHP Warning:  Undefined variable $banner_description in C:\laragon\www\Exclusive\wp-content\themes\exclusive\template-parts\banner.php on line 8
[09-Mar-2025 15:14:53 UTC] PHP Warning:  Undefined variable $banner_button_link in C:\laragon\www\Exclusive\wp-content\themes\exclusive\template-parts\banner.php on line 10
[09-Mar-2025 15:14:53 UTC] PHP Deprecated:  ltrim(): Passing null to parameter #1 ($string) of type string is deprecated in C:\laragon\www\Exclusive\wp-includes\formatting.php on line 4467
[09-Mar-2025 15:14:53 UTC] PHP Warning:  Undefined variable $banner_button_text in C:\laragon\www\Exclusive\wp-content\themes\exclusive\template-parts\banner.php on line 11
[09-Mar-2025 15:15:05 UTC] PHP Warning:  Undefined variable $banner_description in C:\laragon\www\Exclusive\wp-content\themes\exclusive\template-parts\banner.php on line 8
[09-Mar-2025 15:15:05 UTC] PHP Warning:  Undefined variable $banner_button_link in C:\laragon\www\Exclusive\wp-content\themes\exclusive\template-parts\banner.php on line 10
[09-Mar-2025 15:15:05 UTC] PHP Deprecated:  ltrim(): Passing null to parameter #1 ($string) of type string is deprecated in C:\laragon\www\Exclusive\wp-includes\formatting.php on line 4467
[09-Mar-2025 15:15:05 UTC] PHP Warning:  Undefined variable $banner_button_text in C:\laragon\www\Exclusive\wp-content\themes\exclusive\template-parts\banner.php on line 11
[09-Mar-2025 15:15:41 UTC] PHP Warning:  Undefined variable $banner_description in C:\laragon\www\Exclusive\wp-content\themes\exclusive\template-parts\banner.php on line 8
[09-Mar-2025 15:15:41 UTC] PHP Warning:  Undefined variable $banner_button_link in C:\laragon\www\Exclusive\wp-content\themes\exclusive\template-parts\banner.php on line 10
[09-Mar-2025 15:15:41 UTC] PHP Deprecated:  ltrim(): Passing null to parameter #1 ($string) of type string is deprecated in C:\laragon\www\Exclusive\wp-includes\formatting.php on line 4467
[09-Mar-2025 15:15:41 UTC] PHP Warning:  Undefined variable $banner_button_text in C:\laragon\www\Exclusive\wp-content\themes\exclusive\template-parts\banner.php on line 11
[09-Mar-2025 15:17:28 UTC] PHP Warning:  Undefined variable $banner_description in C:\laragon\www\Exclusive\wp-content\themes\exclusive\template-parts\banner.php on line 8
[09-Mar-2025 15:17:28 UTC] PHP Warning:  Undefined variable $banner_button_link in C:\laragon\www\Exclusive\wp-content\themes\exclusive\template-parts\banner.php on line 10
[09-Mar-2025 15:17:28 UTC] PHP Deprecated:  ltrim(): Passing null to parameter #1 ($string) of type string is deprecated in C:\laragon\www\Exclusive\wp-includes\formatting.php on line 4467
[09-Mar-2025 15:17:28 UTC] PHP Warning:  Undefined variable $banner_button_text in C:\laragon\www\Exclusive\wp-content\themes\exclusive\template-parts\banner.php on line 11
[09-Mar-2025 15:17:32 UTC] PHP Warning:  Undefined variable $banner_description in C:\laragon\www\Exclusive\wp-content\themes\exclusive\template-parts\banner.php on line 8
[09-Mar-2025 15:17:32 UTC] PHP Warning:  Undefined variable $banner_button_link in C:\laragon\www\Exclusive\wp-content\themes\exclusive\template-parts\banner.php on line 10
[09-Mar-2025 15:17:32 UTC] PHP Deprecated:  ltrim(): Passing null to parameter #1 ($string) of type string is deprecated in C:\laragon\www\Exclusive\wp-includes\formatting.php on line 4467
[09-Mar-2025 15:17:32 UTC] PHP Warning:  Undefined variable $banner_button_text in C:\laragon\www\Exclusive\wp-content\themes\exclusive\template-parts\banner.php on line 11
[09-Mar-2025 15:18:24 UTC] PHP Warning:  Undefined variable $banner_description in C:\laragon\www\Exclusive\wp-content\themes\exclusive\template-parts\banner.php on line 8
[09-Mar-2025 15:18:24 UTC] PHP Warning:  Undefined variable $banner_button_link in C:\laragon\www\Exclusive\wp-content\themes\exclusive\template-parts\banner.php on line 10
[09-Mar-2025 15:18:24 UTC] PHP Deprecated:  ltrim(): Passing null to parameter #1 ($string) of type string is deprecated in C:\laragon\www\Exclusive\wp-includes\formatting.php on line 4467
[09-Mar-2025 15:18:24 UTC] PHP Warning:  Undefined variable $banner_button_text in C:\laragon\www\Exclusive\wp-content\themes\exclusive\template-parts\banner.php on line 11
[09-Mar-2025 15:18:38 UTC] PHP Warning:  Undefined variable $banner_description in C:\laragon\www\Exclusive\wp-content\themes\exclusive\template-parts\banner.php on line 8
[09-Mar-2025 15:18:38 UTC] PHP Warning:  Undefined variable $banner_button_link in C:\laragon\www\Exclusive\wp-content\themes\exclusive\template-parts\banner.php on line 10
[09-Mar-2025 15:18:38 UTC] PHP Deprecated:  ltrim(): Passing null to parameter #1 ($string) of type string is deprecated in C:\laragon\www\Exclusive\wp-includes\formatting.php on line 4467
[09-Mar-2025 15:18:38 UTC] PHP Warning:  Undefined variable $banner_button_text in C:\laragon\www\Exclusive\wp-content\themes\exclusive\template-parts\banner.php on line 11
[09-Mar-2025 15:18:41 UTC] PHP Warning:  Undefined variable $banner_description in C:\laragon\www\Exclusive\wp-content\themes\exclusive\template-parts\banner.php on line 8
[09-Mar-2025 15:18:41 UTC] PHP Warning:  Undefined variable $banner_button_link in C:\laragon\www\Exclusive\wp-content\themes\exclusive\template-parts\banner.php on line 10
[09-Mar-2025 15:18:41 UTC] PHP Deprecated:  ltrim(): Passing null to parameter #1 ($string) of type string is deprecated in C:\laragon\www\Exclusive\wp-includes\formatting.php on line 4467
[09-Mar-2025 15:18:41 UTC] PHP Warning:  Undefined variable $banner_button_text in C:\laragon\www\Exclusive\wp-content\themes\exclusive\template-parts\banner.php on line 11
[09-Mar-2025 15:18:43 UTC] PHP Warning:  Undefined variable $banner_description in C:\laragon\www\Exclusive\wp-content\themes\exclusive\template-parts\banner.php on line 8
[09-Mar-2025 15:18:43 UTC] PHP Warning:  Undefined variable $banner_button_link in C:\laragon\www\Exclusive\wp-content\themes\exclusive\template-parts\banner.php on line 10
[09-Mar-2025 15:18:43 UTC] PHP Deprecated:  ltrim(): Passing null to parameter #1 ($string) of type string is deprecated in C:\laragon\www\Exclusive\wp-includes\formatting.php on line 4467
[09-Mar-2025 15:18:43 UTC] PHP Warning:  Undefined variable $banner_button_text in C:\laragon\www\Exclusive\wp-content\themes\exclusive\template-parts\banner.php on line 11
[09-Mar-2025 15:19:49 UTC] PHP Warning:  Undefined variable $banner_description in C:\laragon\www\Exclusive\wp-content\themes\exclusive\template-parts\banner.php on line 8
[09-Mar-2025 15:19:49 UTC] PHP Warning:  Undefined variable $banner_button_link in C:\laragon\www\Exclusive\wp-content\themes\exclusive\template-parts\banner.php on line 10
[09-Mar-2025 15:19:49 UTC] PHP Deprecated:  ltrim(): Passing null to parameter #1 ($string) of type string is deprecated in C:\laragon\www\Exclusive\wp-includes\formatting.php on line 4467
[09-Mar-2025 15:19:49 UTC] PHP Warning:  Undefined variable $banner_button_text in C:\laragon\www\Exclusive\wp-content\themes\exclusive\template-parts\banner.php on line 11
[09-Mar-2025 15:22:11 UTC] PHP Warning:  Undefined variable $banner_description in C:\laragon\www\Exclusive\wp-content\themes\exclusive\template-parts\banner.php on line 8
[09-Mar-2025 15:22:11 UTC] PHP Warning:  Undefined variable $banner_button_link in C:\laragon\www\Exclusive\wp-content\themes\exclusive\template-parts\banner.php on line 10
[09-Mar-2025 15:22:11 UTC] PHP Deprecated:  ltrim(): Passing null to parameter #1 ($string) of type string is deprecated in C:\laragon\www\Exclusive\wp-includes\formatting.php on line 4467
[09-Mar-2025 15:22:11 UTC] PHP Warning:  Undefined variable $banner_button_text in C:\laragon\www\Exclusive\wp-content\themes\exclusive\template-parts\banner.php on line 11
[09-Mar-2025 15:22:33 UTC] PHP Warning:  Undefined variable $banner_description in C:\laragon\www\Exclusive\wp-content\themes\exclusive\template-parts\banner.php on line 8
[09-Mar-2025 15:22:33 UTC] PHP Warning:  Undefined variable $banner_button_link in C:\laragon\www\Exclusive\wp-content\themes\exclusive\template-parts\banner.php on line 10
[09-Mar-2025 15:22:33 UTC] PHP Deprecated:  ltrim(): Passing null to parameter #1 ($string) of type string is deprecated in C:\laragon\www\Exclusive\wp-includes\formatting.php on line 4467
[09-Mar-2025 15:22:33 UTC] PHP Warning:  Undefined variable $banner_button_text in C:\laragon\www\Exclusive\wp-content\themes\exclusive\template-parts\banner.php on line 11
[09-Mar-2025 15:23:14 UTC] PHP Warning:  Undefined variable $banner_description in C:\laragon\www\Exclusive\wp-content\themes\exclusive\template-parts\banner.php on line 8
[09-Mar-2025 15:23:14 UTC] PHP Warning:  Undefined variable $banner_button_link in C:\laragon\www\Exclusive\wp-content\themes\exclusive\template-parts\banner.php on line 10
[09-Mar-2025 15:23:14 UTC] PHP Deprecated:  ltrim(): Passing null to parameter #1 ($string) of type string is deprecated in C:\laragon\www\Exclusive\wp-includes\formatting.php on line 4467
[09-Mar-2025 15:23:14 UTC] PHP Warning:  Undefined variable $banner_button_text in C:\laragon\www\Exclusive\wp-content\themes\exclusive\template-parts\banner.php on line 11
[09-Mar-2025 15:23:38 UTC] PHP Warning:  Undefined variable $banner_description in C:\laragon\www\Exclusive\wp-content\themes\exclusive\template-parts\banner.php on line 8
[09-Mar-2025 15:23:38 UTC] PHP Warning:  Undefined variable $banner_button_link in C:\laragon\www\Exclusive\wp-content\themes\exclusive\template-parts\banner.php on line 10
[09-Mar-2025 15:23:38 UTC] PHP Deprecated:  ltrim(): Passing null to parameter #1 ($string) of type string is deprecated in C:\laragon\www\Exclusive\wp-includes\formatting.php on line 4467
[09-Mar-2025 15:23:38 UTC] PHP Warning:  Undefined variable $banner_button_text in C:\laragon\www\Exclusive\wp-content\themes\exclusive\template-parts\banner.php on line 11
[09-Mar-2025 15:24:34 UTC] PHP Warning:  Undefined variable $banner_description in C:\laragon\www\Exclusive\wp-content\themes\exclusive\template-parts\banner.php on line 8
[09-Mar-2025 15:24:34 UTC] PHP Warning:  Undefined variable $banner_button_link in C:\laragon\www\Exclusive\wp-content\themes\exclusive\template-parts\banner.php on line 10
[09-Mar-2025 15:24:34 UTC] PHP Deprecated:  ltrim(): Passing null to parameter #1 ($string) of type string is deprecated in C:\laragon\www\Exclusive\wp-includes\formatting.php on line 4467
[09-Mar-2025 15:24:34 UTC] PHP Warning:  Undefined variable $banner_button_text in C:\laragon\www\Exclusive\wp-content\themes\exclusive\template-parts\banner.php on line 11
[09-Mar-2025 15:25:36 UTC] PHP Warning:  Undefined variable $banner_description in C:\laragon\www\Exclusive\wp-content\themes\exclusive\template-parts\banner.php on line 8
[09-Mar-2025 15:25:36 UTC] PHP Warning:  Undefined variable $banner_button_link in C:\laragon\www\Exclusive\wp-content\themes\exclusive\template-parts\banner.php on line 10
[09-Mar-2025 15:25:36 UTC] PHP Deprecated:  ltrim(): Passing null to parameter #1 ($string) of type string is deprecated in C:\laragon\www\Exclusive\wp-includes\formatting.php on line 4467
[09-Mar-2025 15:25:36 UTC] PHP Warning:  Undefined variable $banner_button_text in C:\laragon\www\Exclusive\wp-content\themes\exclusive\template-parts\banner.php on line 11
[09-Mar-2025 15:25:48 UTC] PHP Warning:  Undefined variable $banner_description in C:\laragon\www\Exclusive\wp-content\themes\exclusive\template-parts\banner.php on line 8
[09-Mar-2025 15:25:48 UTC] PHP Warning:  Undefined variable $banner_button_link in C:\laragon\www\Exclusive\wp-content\themes\exclusive\template-parts\banner.php on line 10
[09-Mar-2025 15:25:48 UTC] PHP Deprecated:  ltrim(): Passing null to parameter #1 ($string) of type string is deprecated in C:\laragon\www\Exclusive\wp-includes\formatting.php on line 4467
[09-Mar-2025 15:25:48 UTC] PHP Warning:  Undefined variable $banner_button_text in C:\laragon\www\Exclusive\wp-content\themes\exclusive\template-parts\banner.php on line 11
[09-Mar-2025 15:25:54 UTC] PHP Warning:  Undefined variable $banner_description in C:\laragon\www\Exclusive\wp-content\themes\exclusive\template-parts\banner.php on line 8
[09-Mar-2025 15:25:54 UTC] PHP Warning:  Undefined variable $banner_button_link in C:\laragon\www\Exclusive\wp-content\themes\exclusive\template-parts\banner.php on line 10
[09-Mar-2025 15:25:54 UTC] PHP Deprecated:  ltrim(): Passing null to parameter #1 ($string) of type string is deprecated in C:\laragon\www\Exclusive\wp-includes\formatting.php on line 4467
[09-Mar-2025 15:25:54 UTC] PHP Warning:  Undefined variable $banner_button_text in C:\laragon\www\Exclusive\wp-content\themes\exclusive\template-parts\banner.php on line 11
[09-Mar-2025 15:27:08 UTC] PHP Warning:  Undefined variable $banner_description in C:\laragon\www\Exclusive\wp-content\themes\exclusive\template-parts\banner.php on line 8
[09-Mar-2025 15:27:08 UTC] PHP Warning:  Undefined variable $banner_button_link in C:\laragon\www\Exclusive\wp-content\themes\exclusive\template-parts\banner.php on line 10
[09-Mar-2025 15:27:08 UTC] PHP Deprecated:  ltrim(): Passing null to parameter #1 ($string) of type string is deprecated in C:\laragon\www\Exclusive\wp-includes\formatting.php on line 4467
[09-Mar-2025 15:27:08 UTC] PHP Warning:  Undefined variable $banner_button_text in C:\laragon\www\Exclusive\wp-content\themes\exclusive\template-parts\banner.php on line 11
[09-Mar-2025 15:27:47 UTC] PHP Warning:  Undefined variable $banner_description in C:\laragon\www\Exclusive\wp-content\themes\exclusive\template-parts\banner.php on line 8
[09-Mar-2025 15:27:47 UTC] PHP Warning:  Undefined variable $banner_button_link in C:\laragon\www\Exclusive\wp-content\themes\exclusive\template-parts\banner.php on line 10
[09-Mar-2025 15:27:47 UTC] PHP Deprecated:  ltrim(): Passing null to parameter #1 ($string) of type string is deprecated in C:\laragon\www\Exclusive\wp-includes\formatting.php on line 4467
[09-Mar-2025 15:27:47 UTC] PHP Warning:  Undefined variable $banner_button_text in C:\laragon\www\Exclusive\wp-content\themes\exclusive\template-parts\banner.php on line 11
[09-Mar-2025 15:29:19 UTC] PHP Warning:  Undefined variable $banner_description in C:\laragon\www\Exclusive\wp-content\themes\exclusive\template-parts\banner.php on line 8
[09-Mar-2025 15:29:19 UTC] PHP Warning:  Undefined variable $banner_button_link in C:\laragon\www\Exclusive\wp-content\themes\exclusive\template-parts\banner.php on line 10
[09-Mar-2025 15:29:19 UTC] PHP Deprecated:  ltrim(): Passing null to parameter #1 ($string) of type string is deprecated in C:\laragon\www\Exclusive\wp-includes\formatting.php on line 4467
[09-Mar-2025 15:29:19 UTC] PHP Warning:  Undefined variable $banner_button_text in C:\laragon\www\Exclusive\wp-content\themes\exclusive\template-parts\banner.php on line 11
[09-Mar-2025 15:30:29 UTC] PHP Warning:  Undefined variable $banner_description in C:\laragon\www\Exclusive\wp-content\themes\exclusive\template-parts\banner.php on line 8
[09-Mar-2025 15:30:29 UTC] PHP Warning:  Undefined variable $banner_button_link in C:\laragon\www\Exclusive\wp-content\themes\exclusive\template-parts\banner.php on line 10
[09-Mar-2025 15:30:29 UTC] PHP Deprecated:  ltrim(): Passing null to parameter #1 ($string) of type string is deprecated in C:\laragon\www\Exclusive\wp-includes\formatting.php on line 4467
[09-Mar-2025 15:30:29 UTC] PHP Warning:  Undefined variable $banner_button_text in C:\laragon\www\Exclusive\wp-content\themes\exclusive\template-parts\banner.php on line 11
[09-Mar-2025 15:30:41 UTC] PHP Warning:  Undefined variable $banner_description in C:\laragon\www\Exclusive\wp-content\themes\exclusive\template-parts\banner.php on line 8
[09-Mar-2025 15:30:41 UTC] PHP Warning:  Undefined variable $banner_button_link in C:\laragon\www\Exclusive\wp-content\themes\exclusive\template-parts\banner.php on line 10
[09-Mar-2025 15:30:41 UTC] PHP Deprecated:  ltrim(): Passing null to parameter #1 ($string) of type string is deprecated in C:\laragon\www\Exclusive\wp-includes\formatting.php on line 4467
[09-Mar-2025 15:30:41 UTC] PHP Warning:  Undefined variable $banner_button_text in C:\laragon\www\Exclusive\wp-content\themes\exclusive\template-parts\banner.php on line 11
[09-Mar-2025 15:31:33 UTC] PHP Warning:  Undefined variable $banner_description in C:\laragon\www\Exclusive\wp-content\themes\exclusive\template-parts\banner.php on line 8
[09-Mar-2025 15:31:33 UTC] PHP Warning:  Undefined variable $banner_button_link in C:\laragon\www\Exclusive\wp-content\themes\exclusive\template-parts\banner.php on line 10
[09-Mar-2025 15:31:33 UTC] PHP Deprecated:  ltrim(): Passing null to parameter #1 ($string) of type string is deprecated in C:\laragon\www\Exclusive\wp-includes\formatting.php on line 4467
[09-Mar-2025 15:31:33 UTC] PHP Warning:  Undefined variable $banner_button_text in C:\laragon\www\Exclusive\wp-content\themes\exclusive\template-parts\banner.php on line 11
[09-Mar-2025 15:32:56 UTC] PHP Warning:  Undefined variable $banner_description in C:\laragon\www\Exclusive\wp-content\themes\exclusive\template-parts\banner.php on line 8
[09-Mar-2025 15:32:56 UTC] PHP Warning:  Undefined variable $banner_button_link in C:\laragon\www\Exclusive\wp-content\themes\exclusive\template-parts\banner.php on line 10
[09-Mar-2025 15:32:56 UTC] PHP Deprecated:  ltrim(): Passing null to parameter #1 ($string) of type string is deprecated in C:\laragon\www\Exclusive\wp-includes\formatting.php on line 4467
[09-Mar-2025 15:32:56 UTC] PHP Warning:  Undefined variable $banner_button_text in C:\laragon\www\Exclusive\wp-content\themes\exclusive\template-parts\banner.php on line 11
[09-Mar-2025 15:33:03 UTC] PHP Warning:  Undefined variable $banner_description in C:\laragon\www\Exclusive\wp-content\themes\exclusive\template-parts\banner.php on line 8
[09-Mar-2025 15:33:03 UTC] PHP Warning:  Undefined variable $banner_button_link in C:\laragon\www\Exclusive\wp-content\themes\exclusive\template-parts\banner.php on line 10
[09-Mar-2025 15:33:03 UTC] PHP Deprecated:  ltrim(): Passing null to parameter #1 ($string) of type string is deprecated in C:\laragon\www\Exclusive\wp-includes\formatting.php on line 4467
[09-Mar-2025 15:33:03 UTC] PHP Warning:  Undefined variable $banner_button_text in C:\laragon\www\Exclusive\wp-content\themes\exclusive\template-parts\banner.php on line 11
[09-Mar-2025 15:34:30 UTC] PHP Warning:  Undefined variable $banner_description in C:\laragon\www\Exclusive\wp-content\themes\exclusive\template-parts\banner.php on line 8
[09-Mar-2025 15:34:30 UTC] PHP Warning:  Undefined variable $banner_button_link in C:\laragon\www\Exclusive\wp-content\themes\exclusive\template-parts\banner.php on line 10
[09-Mar-2025 15:34:30 UTC] PHP Deprecated:  ltrim(): Passing null to parameter #1 ($string) of type string is deprecated in C:\laragon\www\Exclusive\wp-includes\formatting.php on line 4467
[09-Mar-2025 15:34:30 UTC] PHP Warning:  Undefined variable $banner_button_text in C:\laragon\www\Exclusive\wp-content\themes\exclusive\template-parts\banner.php on line 11
[09-Mar-2025 15:35:17 UTC] PHP Warning:  Undefined variable $banner_description in C:\laragon\www\Exclusive\wp-content\themes\exclusive\template-parts\banner.php on line 8
[09-Mar-2025 15:35:17 UTC] PHP Warning:  Undefined variable $banner_button_link in C:\laragon\www\Exclusive\wp-content\themes\exclusive\template-parts\banner.php on line 10
[09-Mar-2025 15:35:17 UTC] PHP Deprecated:  ltrim(): Passing null to parameter #1 ($string) of type string is deprecated in C:\laragon\www\Exclusive\wp-includes\formatting.php on line 4467
[09-Mar-2025 15:35:17 UTC] PHP Warning:  Undefined variable $banner_button_text in C:\laragon\www\Exclusive\wp-content\themes\exclusive\template-parts\banner.php on line 11
[09-Mar-2025 15:35:56 UTC] PHP Warning:  Undefined variable $banner_description in C:\laragon\www\Exclusive\wp-content\themes\exclusive\template-parts\banner.php on line 8
[09-Mar-2025 15:35:56 UTC] PHP Warning:  Undefined variable $banner_button_link in C:\laragon\www\Exclusive\wp-content\themes\exclusive\template-parts\banner.php on line 10
[09-Mar-2025 15:35:56 UTC] PHP Deprecated:  ltrim(): Passing null to parameter #1 ($string) of type string is deprecated in C:\laragon\www\Exclusive\wp-includes\formatting.php on line 4467
[09-Mar-2025 15:35:56 UTC] PHP Warning:  Undefined variable $banner_button_text in C:\laragon\www\Exclusive\wp-content\themes\exclusive\template-parts\banner.php on line 11
[09-Mar-2025 15:36:15 UTC] PHP Warning:  Undefined variable $banner_description in C:\laragon\www\Exclusive\wp-content\themes\exclusive\template-parts\banner.php on line 8
[09-Mar-2025 15:36:15 UTC] PHP Warning:  Undefined variable $banner_button_link in C:\laragon\www\Exclusive\wp-content\themes\exclusive\template-parts\banner.php on line 10
[09-Mar-2025 15:36:15 UTC] PHP Deprecated:  ltrim(): Passing null to parameter #1 ($string) of type string is deprecated in C:\laragon\www\Exclusive\wp-includes\formatting.php on line 4467
[09-Mar-2025 15:36:15 UTC] PHP Warning:  Undefined variable $banner_button_text in C:\laragon\www\Exclusive\wp-content\themes\exclusive\template-parts\banner.php on line 11
[09-Mar-2025 15:37:26 UTC] PHP Warning:  Undefined variable $banner_description in C:\laragon\www\Exclusive\wp-content\themes\exclusive\template-parts\banner.php on line 8
[09-Mar-2025 15:37:26 UTC] PHP Warning:  Undefined variable $banner_button_link in C:\laragon\www\Exclusive\wp-content\themes\exclusive\template-parts\banner.php on line 10
[09-Mar-2025 15:37:26 UTC] PHP Deprecated:  ltrim(): Passing null to parameter #1 ($string) of type string is deprecated in C:\laragon\www\Exclusive\wp-includes\formatting.php on line 4467
[09-Mar-2025 15:37:26 UTC] PHP Warning:  Undefined variable $banner_button_text in C:\laragon\www\Exclusive\wp-content\themes\exclusive\template-parts\banner.php on line 11
